<?xml version="1.0" encoding="UTF-8"?>
<!-- Generated by org.testng.reporters.JUnitReportReporter -->
<testsuite hostname="Farhana" failures="0" tests="2" name="com.osa.runners.Runner$TestNGRunner" time="5.854" errors="0" timestamp="2023-12-23T15:35:34 EST" skipped="0">
  <testcase classname="com.osa.runners.Runner$TestNGRunner" name="runScenario" time="3.532"/>
  <system-out/>
  <testcase classname="com.osa.runners.Runner$TestNGRunner" name="runScenario" time="2.322"/>
  <system-out/>
</testsuite> <!-- com.osa.runners.Runner$TestNGRunner -->
